\BOOKMARK [1][-]{section.1}{\376\377\000I\000n\000t\000r\000o\000d\000u\000c\000t\000i\000o\000n}{}% 1
\BOOKMARK [2][-]{subsection.1.1}{\376\377\000T\000h\000e\000\040\000c\000h\000a\000n\000g\000i\000n\000g\000\040\000h\000y\000d\000r\000o\000l\000o\000g\000i\000c\000a\000l\000\040\000c\000y\000c\000l\000e\000\040\000o\000f\000\040\000t\000h\000e\000\040\000A\000r\000c\000t\000i\000c}{section.1}% 2
\BOOKMARK [2][-]{subsection.1.2}{\376\377\000T\000h\000e\000\040\000i\000m\000p\000o\000r\000t\000a\000n\000c\000e\000\040\000o\000f\000\040\000t\000h\000e\000\040\000A\000r\000c\000t\000i\000c\000\040\000w\000i\000t\000h\000i\000n\000\040\000t\000h\000e\000\040\000g\000l\000o\000b\000a\000l\000\040\000c\000l\000i\000m\000a\000t\000e\000\040\000s\000y\000s\000t\000e\000m}{section.1}% 3
\BOOKMARK [1][-]{section.2}{\376\377\000T\000h\000e\000\040\000A\000r\000c\000t\000i\000c\000\040\000a\000s\000\040\000a\000\040\000r\000e\000g\000i\000o\000n}{}% 4
\BOOKMARK [2][-]{subsection.2.1}{\376\377\000H\000o\000w\000\040\000w\000e\000\040\000d\000e\000f\000i\000n\000e\000\040\000t\000h\000e\000\040\000A\000r\000c\000t\000i\000c}{section.2}% 5
\BOOKMARK [2][-]{subsection.2.2}{\376\377\000T\000h\000e\000\040\000r\000e\000g\000i\000o\000n\000s\000\040\000o\000f\000\040\000t\000h\000e\000\040\000A\000r\000c\000t\000i\000c}{section.2}% 6
\BOOKMARK [2][-]{subsection.2.3}{\376\377\000T\000h\000e\000\040\000i\000n\000f\000l\000u\000e\000n\000c\000e\000\040\000o\000f\000\040\000l\000o\000c\000a\000l\000\040\000g\000e\000o\000g\000r\000a\000p\000h\000y\000\040\000o\000n\000\040\000h\000y\000d\000r\000o\000l\000o\000g\000i\000c\000a\000l\000\040\000c\000y\000c\000l\000e\000\040\000c\000h\000a\000n\000g\000e\000s}{section.2}% 7
\BOOKMARK [1][-]{section.3}{\376\377\000I\000m\000p\000o\000r\000t\000a\000n\000t\000\040\000p\000h\000y\000s\000i\000c\000a\000l\000\040\000m\000e\000c\000h\000a\000n\000i\000s\000m\000s}{}% 8
\BOOKMARK [2][-]{subsection.3.1}{\376\377\000D\000e\000f\000i\000n\000i\000n\000g\000\040\000c\000l\000i\000m\000a\000t\000e\000\040\000f\000o\000r\000c\000i\000n\000g\000s\000,\000\040\000f\000e\000e\000d\000b\000a\000c\000k\000s\000\040\000a\000n\000d\000\040\000m\000e\000c\000h\000a\000n\000i\000s\000m\000s}{section.3}% 9
\BOOKMARK [3][-]{subsubsection.3.1.1}{\376\377\000C\000l\000i\000m\000a\000t\000e\000\040\000f\000o\000r\000c\000i\000n\000g\000s}{subsection.3.1}% 10
\BOOKMARK [3][-]{subsubsection.3.1.2}{\376\377\000F\000e\000e\000d\000b\000a\000c\000k\000s}{subsection.3.1}% 11
\BOOKMARK [3][-]{subsubsection.3.1.3}{\376\377\000M\000e\000c\000h\000a\000n\000i\000s\000m\000s}{subsection.3.1}% 12
\BOOKMARK [2][-]{subsection.3.2}{\376\377\000H\000u\000m\000i\000d\000i\000t\000y}{section.3}% 13
\BOOKMARK [3][-]{subsubsection.3.2.1}{\376\377\000A\000b\000s\000o\000l\000u\000t\000e\000\040\000h\000u\000m\000i\000d\000i\000t\000y}{subsection.3.2}% 14
\BOOKMARK [3][-]{subsubsection.3.2.2}{\376\377\000S\000p\000e\000c\000i\000f\000i\000c\000\040\000h\000u\000m\000i\000d\000i\000t\000y}{subsection.3.2}% 15
\BOOKMARK [3][-]{subsubsection.3.2.3}{\376\377\000R\000e\000l\000a\000t\000i\000v\000e\000\040\000h\000u\000m\000i\000d\000i\000t\000y}{subsection.3.2}% 16
\BOOKMARK [2][-]{subsection.3.3}{\376\377\000T\000h\000e\000\040\000C\000l\000a\000u\000s\000i\000u\000s\000-\000C\000l\000a\000p\000e\000y\000r\000o\000n\000\040\000r\000e\000l\000a\000t\000i\000o\000n}{section.3}% 17
\BOOKMARK [1][-]{section.4}{\376\377\000D\000e\000f\000i\000n\000i\000n\000g\000\040\000A\000r\000c\000t\000i\000c\000\040\000C\000h\000a\000n\000g\000e}{}% 18
\BOOKMARK [2][-]{subsection.4.1}{\376\377\000A\000r\000c\000t\000i\000c\000\040\000w\000a\000r\000m\000i\000n\000g}{section.4}% 19
\BOOKMARK [2][-]{subsection.4.2}{\376\377\000P\000o\000l\000a\000r\000\040\000A\000m\000p\000l\000i\000f\000i\000c\000a\000t\000i\000o\000n}{section.4}% 20
\BOOKMARK [3][-]{subsubsection.4.2.1}{\376\377\000A\000r\000c\000t\000i\000c\000\040\000A\000m\000p\000l\000i\000f\000i\000c\000a\000t\000i\000o\000n}{subsection.4.2}% 21
\BOOKMARK [2][-]{subsection.4.3}{\376\377\000A\000n\000t\000h\000r\000o\000p\000o\000g\000e\000n\000i\000c\000\040\000f\000o\000r\000c\000i\000n\000g}{section.4}% 22
\BOOKMARK [2][-]{subsection.4.4}{\376\377\000I\000n\000t\000e\000r\000n\000a\000l\000\040\000v\000a\000r\000i\000a\000b\000i\000l\000i\000t\000y}{section.4}% 23
\BOOKMARK [1][-]{section.5}{\376\377\000T\000h\000e\000\040\000A\000r\000c\000t\000i\000c\000\040\000a\000t\000m\000o\000s\000p\000h\000e\000r\000i\000c\000\040\000h\000y\000d\000r\000o\000l\000o\000g\000i\000c\000a\000l\000\040\000c\000y\000c\000l\000e}{}% 24
\BOOKMARK [2][-]{subsection.5.1}{\376\377\000T\000h\000e\000\040\000h\000y\000d\000r\000o\000l\000o\000g\000i\000c\000a\000l\000\040\000c\000y\000c\000l\000e}{section.5}% 25
\BOOKMARK [2][-]{subsection.5.2}{\376\377\000T\000e\000m\000p\000e\000r\000a\000t\000u\000r\000e\000\040\000i\000n\000f\000l\000u\000e\000n\000c\000e\000s}{section.5}% 26
\BOOKMARK [2][-]{subsection.5.3}{\376\377\000A\000r\000c\000t\000i\000c\000\040\000a\000t\000m\000o\000s\000p\000h\000e\000r\000i\000c\000\040\000m\000o\000i\000s\000t\000u\000r\000e}{section.5}% 27
\BOOKMARK [3][-]{subsubsection.5.3.1}{\376\377\000C\000l\000o\000u\000d\000\040\000c\000o\000v\000e\000r}{subsection.5.3}% 28
\BOOKMARK [3][-]{subsubsection.5.3.2}{\376\377\000P\000r\000e\000c\000i\000p\000i\000t\000a\000t\000i\000o\000n}{subsection.5.3}% 29
\BOOKMARK [3][-]{subsubsection.5.3.3}{\376\377\000T\000h\000e\000\040\000i\000n\000f\000l\000u\000e\000n\000c\000e\000\040\000o\000f\000\040\000t\000h\000e\000\040\000c\000r\000y\000o\000s\000p\000h\000e\000r\000e\000\040\000o\000n\000\040\000a\000t\000m\000o\000s\000p\000h\000e\000r\000i\000c\000\040\000m\000o\000i\000s\000t\000u\000r\000e}{subsection.5.3}% 30
\BOOKMARK [4][-]{paragraph.5.3.3.1}{\376\377\000S\000e\000a\000\040\000i\000c\000e}{subsubsection.5.3.3}% 31
\BOOKMARK [4][-]{paragraph.5.3.3.2}{\376\377\000S\000n\000o\000w\000\040\000c\000o\000v\000e\000r}{subsubsection.5.3.3}% 32
\BOOKMARK [4][-]{paragraph.5.3.3.3}{\376\377\000P\000e\000r\000m\000a\000f\000r\000o\000s\000t}{subsubsection.5.3.3}% 33
\BOOKMARK [4][-]{paragraph.5.3.3.4}{\376\377\000G\000l\000a\000c\000i\000e\000r\000s}{subsubsection.5.3.3}% 34
\BOOKMARK [3][-]{subsubsection.5.3.4}{\376\377\000T\000h\000e\000\040\000i\000n\000f\000l\000u\000e\000n\000c\000e\000\040\000o\000f\000\040\000l\000a\000n\000d\000\040\000i\000n\000t\000e\000r\000a\000c\000t\000i\000o\000n\000s}{subsection.5.3}% 35
\BOOKMARK [3][-]{subsubsection.5.3.5}{\376\377\000M\000o\000i\000s\000t\000u\000r\000e\000,\000\040\000h\000e\000a\000t\000\040\000t\000r\000a\000n\000s\000p\000o\000r\000t\000\040\000a\000n\000d\000\040\000i\000n\000t\000r\000u\000s\000i\000o\000n\000s}{subsection.5.3}% 36
\BOOKMARK [3][-]{subsubsection.5.3.6}{\376\377\000S\000t\000o\000r\000m\000\040\000t\000r\000a\000c\000k\000s\000\040\000a\000n\000d\000\040\000b\000l\000o\000c\000k\000i\000n\000g}{subsection.5.3}% 37
\BOOKMARK [1][-]{section.6}{\376\377\000C\000h\000a\000r\000a\000c\000t\000e\000r\000i\000z\000i\000n\000g\000\040\000A\000r\000c\000t\000i\000c\000\040\000h\000y\000d\000r\000o\000l\000o\000g\000i\000c\000a\000l\000\040\000c\000h\000a\000n\000g\000e}{}% 38
\BOOKMARK [2][-]{subsection.6.1}{\376\377\000L\000o\000c\000a\000l\000\040\000c\000h\000a\000n\000g\000e\000s}{section.6}% 39
\BOOKMARK [3][-]{subsubsection.6.1.1}{\376\377\000L\000o\000c\000a\000l\000\040\000t\000e\000m\000p\000e\000r\000a\000t\000u\000r\000e\000\040\000c\000h\000a\000n\000g\000e}{subsection.6.1}% 40
\BOOKMARK [3][-]{subsubsection.6.1.2}{\376\377\000L\000o\000c\000a\000l\000\040\000h\000u\000m\000i\000d\000i\000t\000y\000\040\000c\000h\000a\000n\000g\000e}{subsection.6.1}% 41
\BOOKMARK [3][-]{subsubsection.6.1.3}{\376\377\000L\000o\000c\000a\000l\000\040\000p\000r\000e\000c\000i\000p\000i\000t\000a\000t\000i\000o\000n\000\040\000c\000h\000a\000n\000g\000e\000s}{subsection.6.1}% 42
\BOOKMARK [3][-]{subsubsection.6.1.4}{\376\377\000C\000r\000y\000o\000s\000p\000h\000e\000r\000i\000c\000\040\000c\000h\000a\000n\000g\000e\000s}{subsection.6.1}% 43
\BOOKMARK [4][-]{paragraph.6.1.4.1}{\376\377\000S\000e\000a\000\040\000i\000c\000e}{subsubsection.6.1.4}% 44
\BOOKMARK [4][-]{paragraph.6.1.4.2}{\376\377\000S\000n\000o\000w\000\040\000c\000o\000v\000e\000r}{subsubsection.6.1.4}% 45
\BOOKMARK [4][-]{paragraph.6.1.4.3}{\376\377\000P\000e\000r\000m\000a\000f\000r\000o\000s\000t}{subsubsection.6.1.4}% 46
\BOOKMARK [4][-]{paragraph.6.1.4.4}{\376\377\000G\000l\000a\000c\000i\000e\000r\000s}{subsubsection.6.1.4}% 47
\BOOKMARK [2][-]{subsection.6.2}{\376\377\000R\000e\000m\000o\000t\000e\000\040\000c\000h\000a\000n\000g\000e\000s}{section.6}% 48
\BOOKMARK [3][-]{subsubsection.6.2.1}{\376\377\000M\000o\000i\000s\000t\000u\000r\000e\000\040\000t\000r\000a\000n\000s\000p\000o\000r\000t\000\040\000a\000n\000d\000\040\000i\000n\000t\000r\000u\000s\000i\000o\000n\000s}{subsection.6.2}% 49
\BOOKMARK [3][-]{subsubsection.6.2.2}{\376\377\000P\000o\000l\000e\000w\000a\000r\000d\000\040\000h\000e\000a\000t\000\040\000t\000r\000a\000n\000s\000p\000o\000r\000t\000,\000\040\000s\000t\000o\000r\000m\000\040\000t\000r\000a\000c\000k\000s\000\040\000a\000n\000d\000\040\000b\000l\000o\000c\000k\000i\000n\000g}{subsection.6.2}% 50
\BOOKMARK [1][-]{section.7}{\376\377\000K\000n\000o\000w\000l\000e\000d\000g\000e\000\040\000g\000a\000p\000s}{}% 51
\BOOKMARK [1][-]{section.8}{\376\377\000C\000o\000n\000c\000l\000u\000s\000i\000o\000n}{}% 52
