\BOOKMARK [2][-]{subsection.0.1}{\376\377\000G\000o\000a\000l\000\040\000o\000f\000\040\000t\000h\000e\000\040\000i\000n\000t\000r\000o\000d\000u\000c\000t\000i\000o\000n}{}% 1
\BOOKMARK [1][-]{section.1}{\376\377\000I\000n\000t\000r\000o\000d\000u\000c\000t\000i\000o\000n}{}% 2
\BOOKMARK [2][-]{subsection.1.1}{\376\377\000T\000h\000e\000\040\000A\000r\000c\000t\000i\000c\000\040\000w\000i\000t\000h\000i\000n\000\040\000t\000h\000e\000\040\000g\000l\000o\000b\000a\000l\000\040\000c\000l\000i\000m\000a\000t\000e\000\040\000s\000y\000s\000t\000e\000m}{section.1}% 3
\BOOKMARK [3][-]{subsubsection.1.1.1}{\376\377\000C\000h\000a\000r\000a\000c\000t\000e\000r\000i\000s\000i\000n\000g\000\040\000c\000h\000a\000n\000g\000e}{subsection.1.1}% 4
\BOOKMARK [2][-]{subsection.1.2}{\376\377\000P\000o\000l\000a\000r\000\040\000a\000m\000p\000l\000i\000f\000i\000c\000a\000t\000i\000o\000n}{section.1}% 5
\BOOKMARK [3][-]{subsubsection.1.2.1}{\376\377\000C\000l\000a\000u\000s\000i\000u\000s\000-\000C\000l\000a\000p\000e\000y\000r\000o\000n\000\040\000r\000e\000l\000a\000t\000i\000o\000n}{subsection.1.2}% 6
\BOOKMARK [3][-]{subsubsection.1.2.2}{\376\377\000P\000o\000l\000a\000r\000\040\000a\000m\000p\000l\000i\000f\000i\000c\000a\000t\000i\000o\000n\000\040\000i\000n\000\040\000t\000h\000e\000\040\000A\000r\000c\000t\000i\000c}{subsection.1.2}% 7
\BOOKMARK [2][-]{subsection.1.3}{\376\377\000H\000u\000m\000i\000d\000i\000t\000y}{section.1}% 8
\BOOKMARK [3][-]{subsubsection.1.3.1}{\376\377\000R\000e\000l\000a\000t\000i\000v\000e\000\040\000h\000u\000m\000i\000d\000i\000t\000y}{subsection.1.3}% 9
\BOOKMARK [3][-]{subsubsection.1.3.2}{\376\377\000R\000e\000l\000a\000t\000i\000v\000e\000\040\000h\000u\000m\000i\000d\000i\000t\000y}{subsection.1.3}% 10
\BOOKMARK [3][-]{subsubsection.1.3.3}{\376\377\000S\000p\000e\000c\000i\000f\000i\000c\000\040\000h\000u\000m\000i\000d\000i\000t\000y}{subsection.1.3}% 11
\BOOKMARK [2][-]{subsection.1.4}{\376\377\000H\000y\000d\000r\000o\000l\000o\000g\000i\000c\000a\000l\000\040\000c\000y\000c\000l\000e}{section.1}% 12
\BOOKMARK [3][-]{subsubsection.1.4.1}{\376\377\000A\000t\000m\000o\000s\000p\000h\000e\000r\000e}{subsection.1.4}% 13
\BOOKMARK [4][-]{paragraph.1.4.1.1}{\376\377\000A\000t\000m\000o\000s\000p\000h\000e\000r\000i\000c\000\040\000M\000o\000i\000s\000t\000u\000r\000e}{subsubsection.1.4.1}% 14
\BOOKMARK [4][-]{paragraph.1.4.1.2}{\376\377\000E\000v\000a\000p\000o\000r\000a\000t\000i\000o\000n\000\040\000a\000n\000d\000\040\000m\000o\000i\000s\000t\000u\000r\000e\000\040\000t\000r\000a\000n\000s\000p\000o\000r\000t\000\040\000f\000r\000o\000m\000\040\000l\000o\000w\000e\000r\000\040\000l\000a\000t\000i\000t\000u\000d\000e\000s}{subsubsection.1.4.1}% 15
\BOOKMARK [4][-]{paragraph.1.4.1.3}{\376\377\000C\000l\000o\000u\000d\000\040\000c\000o\000v\000e\000r}{subsubsection.1.4.1}% 16
\BOOKMARK [4][-]{paragraph.1.4.1.4}{\376\377\000P\000r\000e\000c\000i\000p\000i\000t\000a\000t\000i\000o\000n}{subsubsection.1.4.1}% 17
\BOOKMARK [3][-]{subsubsection.1.4.2}{\376\377\000C\000r\000y\000o\000s\000p\000h\000e\000r\000e}{subsection.1.4}% 18
\BOOKMARK [4][-]{paragraph.1.4.2.1}{\376\377\000S\000e\000a\000\040\000i\000c\000e}{subsubsection.1.4.2}% 19
\BOOKMARK [4][-]{paragraph.1.4.2.2}{\376\377\000S\000n\000o\000w\000\040\000c\000o\000v\000e\000r}{subsubsection.1.4.2}% 20
\BOOKMARK [4][-]{paragraph.1.4.2.3}{\376\377\000G\000l\000a\000c\000i\000e\000r\000s\000\040\000a\000n\000d\000\040\000I\000c\000e\000\040\000S\000h\000e\000e\000t\000s}{subsubsection.1.4.2}% 21
\BOOKMARK [4][-]{paragraph.1.4.2.4}{\376\377\000P\000e\000r\000m\000a\000f\000r\000o\000s\000t}{subsubsection.1.4.2}% 22
\BOOKMARK [4][-]{paragraph.1.4.2.5}{\376\377\000R\000i\000v\000e\000r\000\040\000a\000n\000d\000\040\000l\000a\000k\000e\000\040\000i\000c\000e}{subsubsection.1.4.2}% 23
\BOOKMARK [3][-]{subsubsection.1.4.3}{\376\377\000O\000t\000h\000e\000r\000\040\000c\000o\000m\000p\000o\000n\000e\000n\000t\000s}{subsection.1.4}% 24
\BOOKMARK [4][-]{paragraph.1.4.3.1}{\376\377\000F\000r\000e\000s\000h\000w\000a\000t\000e\000r\000\040\000d\000i\000s\000c\000h\000a\000r\000g\000e}{subsubsection.1.4.3}% 25
\BOOKMARK [4][-]{paragraph.1.4.3.2}{\376\377\000S\000e\000a\000\040\000l\000e\000v\000e\000l\000\040\000r\000i\000s\000e\000\040\000a\000n\000d\000\040\000c\000o\000a\000s\000t\000a\000l\000\040\000s\000t\000a\000b\000i\000l\000i\000t\000y}{subsubsection.1.4.3}% 26
\BOOKMARK [4][-]{paragraph.1.4.3.3}{\376\377\000\040\000T\000e\000r\000r\000e\000s\000t\000r\000i\000a\000l\000\040\000v\000e\000g\000e\000t\000a\000t\000i\000o\000n\000\040\000z\000o\000n\000e\000s\000\040\000a\000n\000d\000\040\000b\000i\000o\000d\000i\000v\000e\000r\000s\000i\000t\000y}{subsubsection.1.4.3}% 27
\BOOKMARK [4][-]{paragraph.1.4.3.4}{\376\377\000F\000r\000e\000s\000h\000w\000a\000t\000e\000r\000\040\000e\000c\000o\000s\000y\000s\000t\000e\000m\000s}{subsubsection.1.4.3}% 28
\BOOKMARK [2][-]{subsection.1.5}{\376\377\000W\000h\000y\000\040\000t\000h\000e\000\040\000W\000C\000A\000\040\000i\000s\000\040\000d\000i\000f\000f\000e\000r\000e\000n\000t\000\040\000/\000\040\000c\000a\000n\000\040\000b\000e\000\040\000d\000i\000f\000f\000e\000r\000e\000n\000t}{section.1}% 29
\BOOKMARK [3][-]{subsubsection.1.5.1}{\376\377\000W\000h\000y\000\040\000t\000h\000i\000s\000\040\000i\000s\000\040\000i\000m\000p\000o\000r\000t\000a\000n\000t\000\040\000t\000o\000\040\000p\000e\000o\000p\000l\000e}{subsection.1.5}% 30
\BOOKMARK [2][-]{subsection.1.6}{\376\377\000S\000u\000m\000\040\000u\000p\000\040\000t\000h\000e\000\040\000q\000u\000e\000s\000t\000i\000o\000n\000\040\000I\000\040\000a\000m\000\040\000l\000o\000o\000k\000i\000n\000g\000\040\000a\000t\000\040\000-\000\040\000?\000?\000\040\000r\000e\000w\000o\000r\000d\000\040\000t\000h\000i\000s\000\040\000b\000e\000t\000t\000e\000r}{section.1}% 31
\BOOKMARK [1][-]{section.2}{\376\377\000M\000e\000t\000h\000o\000d\000s}{}% 32
\BOOKMARK [2][-]{subsection.2.1}{\376\377\000V\000a\000l\000i\000d\000a\000t\000i\000o\000n\000\040\000o\000f\000\040\000a\000t\000m\000o\000s\000p\000h\000e\000r\000i\000c\000\040\000r\000e\000a\000n\000a\000l\000y\000s\000e\000s\000\040\000o\000v\000e\000r\000\040\000t\000h\000e\000\040\000W\000e\000s\000t\000e\000r\000n\000\040\000C\000a\000n\000a\000d\000i\000a\000n\000\040\000A\000r\000c\000t\000i\000c}{section.2}% 33
\BOOKMARK [3][-]{subsubsection.2.1.1}{\376\377\000H\000i\000s\000t\000o\000r\000i\000c\000a\000l\000\040\000m\000e\000a\000s\000u\000r\000e\000m\000e\000n\000t\000s}{subsection.2.1}% 34
\BOOKMARK [2][-]{subsection.2.2}{\376\377\000R\000e\000a\000n\000a\000l\000y\000s\000i\000s\000\040\000m\000e\000t\000h\000o\000d\000s}{section.2}% 35
\BOOKMARK [3][-]{subsubsection.2.2.1}{\376\377\000R\000e\000a\000n\000a\000l\000y\000s\000i\000s\000\040\000v\000a\000l\000i\000d\000a\000t\000i\000o\000n}{subsection.2.2}% 36
\BOOKMARK [2][-]{subsection.2.3}{\376\377\000H\000y\000s\000p\000l\000i\000t}{section.2}% 37
